[21:11:07] [main/INFO]: ModLauncher running: args [--username, mexasae86, --version, neoforge-21.1.233, --gameDir, C:\Users\FSOS\curseforge\minecraft\Instances\steal-the-sun-2.0.0, --assetsDir, C:\Users\FSOS\curseforge\minecraft\Install\assets, --assetIndex, 17, --uuid, d74da3e8bc8f4489bacb70699c6dc60b, --accessToken, ❄❄❄❄❄❄❄❄, --clientId, e10155-60fc8e-c7e5b2-67cb27-5bb683, --xuid, 2535447119021616, --userType, msa, --versionType, release, --width, 1024, --height, 768, --quickPlayPath, C:\Users\FSOS\curseforge\minecraft\Quickplay\41fd60bd-bcf3-4d13-a1f4-454693733832.json, --fml.neoForgeVersion, 21.1.233, --fml.fmlVersion, 4.0.42, --fml.mcVersion, 1.21.1, --fml.neoFormVersion, 20240808.144430, --launchTarget, forgeclient]
[21:11:07] [main/INFO]: JVM identified as Eclipse Adoptium OpenJDK 64-Bit Server VM 21.0.10+7-LTS
[21:11:07] [main/INFO]: ModLauncher 11.0.5+main.901c6ea8 starting: java version 21.0.10 by Eclipse Adoptium; OS Windows 11 arch amd64 version 10.0
[21:11:07] [main/INFO]: Loading ImmediateWindowProvider fmlearlywindow
[21:11:08] [main/INFO]: Trying GL version 4.6
[21:11:08] [main/INFO]: Requested GL version 4.6 got version 4.6
[21:11:08] [main/INFO]: SpongePowered MIXIN Subsystem Version=0.8.7 Source=union:/C:/Users/FSOS/curseforge/minecraft/Install/libraries/net/fabricmc/sponge-mixin/0.15.2+mixin.0.8.7/sponge-mixin-0.15.2+mixin.0.8.7.jar%23121!/ Service=ModLauncher Env=CLIENT
[21:11:08] [pool-2-thread-1/INFO]: GL info: NVIDIA GeForce RTX 4060 Laptop GPU/PCIe/SSE2 GL version 4.6.0 NVIDIA 596.36, NVIDIA Corporation
[21:11:08] [main/INFO]: Found mod file "client-1.21.1-20240808.144430-srg.jar" [locator: production client provider +net.neoforged:neoforge:21.1.233:client]
[21:11:08] [main/INFO]: Found mod file "neoforge-21.1.233-universal.jar" [locator: PathBasedLocator[name=neoforge, paths=[C:\Users\FSOS\curseforge\minecraft\Install\libraries\net\neoforged\neoforge\21.1.233\neoforge-21.1.233-universal.jar]], reader: mod manifest]
[21:11:08] [main/INFO]: Found mod file "architectury-13.0.8-neoforge.jar" [locator: {mods folder locator at C:\Users\FSOS\curseforge\minecraft\Instances\steal-the-sun-2.0.0\mods}, reader: mod manifest]
[21:11:08] [main/INFO]: Found mod file "create-1.21.1-6.0.10.jar" [locator: {mods folder locator at C:\Users\FSOS\curseforge\minecraft\Instances\steal-the-sun-2.0.0\mods}, reader: mod manifest]
[21:11:08] [main/INFO]: Found mod file "emi-1.1.24+1.21.1+neoforge.jar" [locator: {mods folder locator at C:\Users\FSOS\curseforge\minecraft\Instances\steal-the-sun-2.0.0\mods}, reader: mod manifest]
[21:11:08] [main/INFO]: Found mod file "ftb-library-neoforge-2101.1.32.jar" [locator: {mods folder locator at C:\Users\FSOS\curseforge\minecraft\Instances\steal-the-sun-2.0.0\mods}, reader: mod manifest]
[21:11:08] [main/INFO]: Found mod file "ftb-quests-neoforge-2101.1.27.jar" [locator: {mods folder locator at C:\Users\FSOS\curseforge\minecraft\Instances\steal-the-sun-2.0.0\mods}, reader: mod manifest]
[21:11:08] [main/INFO]: Found mod file "ftb-teams-neoforge-2101.1.10.jar" [locator: {mods folder locator at C:\Users\FSOS\curseforge\minecraft\Instances\steal-the-sun-2.0.0\mods}, reader: mod manifest]
[21:11:08] [main/INFO]: Found mod file "ftb-xmod-compat-neoforge-21.1.8.jar" [locator: {mods folder locator at C:\Users\FSOS\curseforge\minecraft\Instances\steal-the-sun-2.0.0\mods}, reader: mod manifest]
[21:11:08] [main/INFO]: Found mod file "jei-1.21.1-neoforge-19.27.0.336.jar" [locator: {mods folder locator at C:\Users\FSOS\curseforge\minecraft\Instances\steal-the-sun-2.0.0\mods}, reader: mod manifest]
[21:11:08] [main/INFO]: Found mod file "kubejs-create-neoforge-2101.3.1-build.18.jar" [locator: {mods folder locator at C:\Users\FSOS\curseforge\minecraft\Instances\steal-the-sun-2.0.0\mods}, reader: mod manifest]
[21:11:08] [main/INFO]: Found mod file "kubejs-neoforge-2101.7.2-build.368.jar" [locator: {mods folder locator at C:\Users\FSOS\curseforge\minecraft\Instances\steal-the-sun-2.0.0\mods}, reader: mod manifest]
[21:11:08] [main/INFO]: Found mod file "ponderjs-neoforge-1.21.1-2.4.0.jar" [locator: {mods folder locator at C:\Users\FSOS\curseforge\minecraft\Instances\steal-the-sun-2.0.0\mods}, reader: mod manifest]
[21:11:08] [main/INFO]: Found mod file "progressivestages-2.1.jar" [locator: {mods folder locator at C:\Users\FSOS\curseforge\minecraft\Instances\steal-the-sun-2.0.0\mods}, reader: mod manifest]
[21:11:08] [main/INFO]: Found mod file "rhino-2101.2.7-build.85.jar" [locator: {mods folder locator at C:\Users\FSOS\curseforge\minecraft\Instances\steal-the-sun-2.0.0\mods}, reader: mod manifest]
[21:11:09] [main/INFO]: Found 8 dependencies adding them to mods collection
[21:11:09] [main/INFO]: Found gamelibrary file "mixinextras-neoforge-0.5.3.jar" [parent: neoforge-21.1.233-universal.jar, locator: jarinjar, reader: mod manifest]
[21:11:09] [main/INFO]: Found library file "animated-gif-lib-for-java-animated-gif-lib-1.7.jar" [parent: kubejs-neoforge-2101.7.2-build.368.jar, locator: jarinjar]
[21:11:09] [main/INFO]: Found gamelibrary file "Registrate-MC1.21-1.3.0+67.jar" [parent: create-1.21.1-6.0.10.jar, locator: jarinjar, reader: mod manifest]
[21:11:09] [main/INFO]: Found mod file "flywheel-neoforge-1.21.1-1.0.6.jar" [parent: create-1.21.1-6.0.10.jar, locator: jarinjar, reader: mod manifest]
[21:11:09] [main/INFO]: Found library file "tiny-java-server-1.0.0-build.33.jar" [parent: kubejs-neoforge-2101.7.2-build.368.jar, locator: jarinjar]
[21:11:09] [main/INFO]: Found mod file "better-advanced-tooltips-2101.1.0-build.1.jar" [parent: kubejs-neoforge-2101.7.2-build.368.jar, locator: jarinjar, reader: mod manifest]
[21:11:09] [main/INFO]: Found mod file "ponder-neoforge-1.0.82+mc1.21.1.jar" [parent: create-1.21.1-6.0.10.jar, locator: jarinjar, reader: mod manifest]
[21:11:09] [main/INFO]: Found library file "net.neoforged.neoforge-coremods-21.1.233.jar" [parent: neoforge-21.1.233-universal.jar, locator: jarinjar, reader: mod manifest]
[21:11:09] [main/INFO]: 
     Mod List:
		Name Version (Mod Id)

		Architectury 13.0.8 (architectury)
		Better Advanced Tooltips 2101.1.0-build.1 (betteradvancedtooltips)
		Create 6.0.10 (create)
		EMI 1.1.24+1.21.1+neoforge (emi)
		Flywheel 1.0.6 (flywheel)
		FTB Library 2101.1.32 (ftblibrary)
		FTB Quests 2101.1.27 (ftbquests)
		FTB Teams 2101.1.10 (ftbteams)
		FTB XMod Compat 21.1.8 (ftbxmodcompat)
		Just Enough Items 19.27.0.336 (jei)
		KubeJS 2101.7.2-build.368 (kubejs)
		KubeJS Create 2101.3.1-build.18 (kubejs_create)
		Minecraft 1.21.1 (minecraft)
		NeoForge 21.1.233 (neoforge)
		Ponder 1.0.82+mc1.21.1 (ponder)
		PonderJS 1.21.1-2.4.0 (ponderjs)
		ProgressiveStages 2.1 (progressivestages)
		Rhino 2101.2.7-build.85 (rhino)
[21:11:09] [main/INFO]: Compatibility level set to JAVA_17
[21:11:09] [main/INFO]: Compatibility level set to JAVA_21
[21:11:09] [main/INFO]: Launching target 'forgeclient' with arguments [--version, neoforge-21.1.233, --gameDir, C:\Users\FSOS\curseforge\minecraft\Instances\steal-the-sun-2.0.0, --assetsDir, C:\Users\FSOS\curseforge\minecraft\Install\assets, --uuid, d74da3e8bc8f4489bacb70699c6dc60b, --username, mexasae86, --assetIndex, 17, --accessToken, ❄❄❄❄❄❄❄❄, --clientId, e10155-60fc8e-c7e5b2-67cb27-5bb683, --xuid, 2535447119021616, --userType, msa, --versionType, release, --width, 1024, --height, 768, --quickPlayPath, C:\Users\FSOS\curseforge\minecraft\Quickplay\41fd60bd-bcf3-4d13-a1f4-454693733832.json]
[21:11:09] [main/WARN]: Reference map 'ponder.refmap.json' for ponder-common.mixins.json could not be read. If this is a development environment you can ignore this message
[21:11:10] [main/WARN]: Error loading class: org/jetbrains/annotations/ApiStatus$ScheduledForRemoval (java.lang.ClassNotFoundException: org.jetbrains.annotations.ApiStatus$ScheduledForRemoval)
[21:11:10] [main/INFO]: Initializing MixinExtras via com.llamalad7.mixinextras.service.MixinExtrasServiceImpl(version=0.5.3).
[17Jun2026 21:11:13.162] [Datafixer Bootstrap/INFO] [com.mojang.datafixers.DataFixerBuilder/]: 229 Datafixer optimizations took 315 milliseconds
[17Jun2026 21:11:18.368] [Render thread/WARN] [net.minecraft.server.packs.VanillaPackResourcesBuilder/]: Assets URL 'union:/C:/Users/FSOS/curseforge/minecraft/Install/libraries/net/minecraft/client/1.21.1-20240808.144430/client-1.21.1-20240808.144430-srg.jar%23201!/assets/.mcassetsroot' uses unexpected schema
[17Jun2026 21:11:18.369] [Render thread/WARN] [net.minecraft.server.packs.VanillaPackResourcesBuilder/]: Assets URL 'union:/C:/Users/FSOS/curseforge/minecraft/Install/libraries/net/minecraft/client/1.21.1-20240808.144430/client-1.21.1-20240808.144430-srg.jar%23201!/data/.mcassetsroot' uses unexpected schema
[17Jun2026 21:11:18.424] [Render thread/INFO] [com.mojang.authlib.yggdrasil.YggdrasilAuthenticationService/]: Environment: Environment[sessionHost=https://sessionserver.mojang.com, servicesHost=https://api.minecraftservices.com, name=PROD]
[17Jun2026 21:11:18.435] [Render thread/INFO] [net.minecraft.client.Minecraft/]: Setting user: mexasae86
[17Jun2026 21:11:18.536] [Render thread/INFO] [net.minecraft.client.Minecraft/]: Backend library: LWJGL version 3.3.3+5
[17Jun2026 21:11:18.918] [modloading-worker-0/INFO] [net.neoforged.neoforge.common.NeoForgeMod/NEOFORGE-MOD]: NeoForge mod loading, version 21.1.233, for MC 1.21.1
[17Jun2026 21:11:19.199] [modloading-worker-0/INFO] [com.simibubi.create.Create/]: Create 6.0.10 initializing! Commit hash: ac0c444d9828da3453ae8cc65338e8de063286fb
[17Jun2026 21:11:19.281] [modloading-worker-0/INFO] [mezz.jei.library.load.PluginCaller/]: Sending ConfigManager...
[17Jun2026 21:11:19.285] [modloading-worker-0/INFO] [mezz.jei.library.load.PluginCaller/]: Sending ConfigManager took 2.427 milliseconds
[17Jun2026 21:11:19.315] [modloading-worker-0/INFO] [KubeJS/]: Loading vanilla registries...
[17Jun2026 21:11:19.335] [modloading-worker-0/INFO] [KubeJS/]: Looking for KubeJS plugins...
[17Jun2026 21:11:19.338] [modloading-worker-0/INFO] [KubeJS/]: Found plugin source kubejs
[17Jun2026 21:11:19.345] [modloading-worker-0/INFO] [KubeJS/]: Found plugin source ftbxmodcompat
[17Jun2026 21:11:19.346] [modloading-worker-0/WARN] [KubeJS/]: Plugin dev.ftb.mods.ftbxmodcompat.neoforge.ftbchunks.kubejs.FTBChunksKubeJSPlugin does not have required mod 'ftbchunks' loaded, skipping
[17Jun2026 21:11:19.358] [modloading-worker-0/WARN] [KubeJS/]: Plugin dev.ftb.mods.ftbxmodcompat.neoforge.ftbfiltersystem.kubejs.FFSKubeJSPlugin does not have required mod 'ftbfiltersystem' loaded, skipping
[17Jun2026 21:11:19.358] [modloading-worker-0/INFO] [KubeJS/]: Found plugin source kubejs_create
[17Jun2026 21:11:19.359] [modloading-worker-0/INFO] [KubeJS/]: Found plugin source ponderjs
[17Jun2026 21:11:19.361] [modloading-worker-0/INFO] [KubeJS/]: Done in 24.17 ms
[17Jun2026 21:11:19.367] [modloading-worker-0/INFO] [FTB XMod Compat/]: [FTB Quests] Enabled KubeJS integration
[17Jun2026 21:11:19.684] [modloading-worker-0/INFO] [com.enviouse.progressivestages.Progressivestages/]: ProgressiveStages initializing...
[17Jun2026 21:11:19.696] [modloading-worker-0/INFO] [com.enviouse.progressivestages.Progressivestages/]: [ProgressiveStages] Created config directory: C:\Users\FSOS\curseforge\minecraft\Instances\steal-the-sun-2.0.0\config\ProgressiveStages
[17Jun2026 21:11:19.697] [modloading-worker-0/INFO] [com.enviouse.progressivestages.Progressivestages/]: [ProgressiveStages] No stage files found, generating defaults...
[17Jun2026 21:11:19.699] [modloading-worker-0/INFO] [com.enviouse.progressivestages.Progressivestages/]: [ProgressiveStages] Generated default stage file: stone_age.toml
[17Jun2026 21:11:19.700] [modloading-worker-0/INFO] [com.enviouse.progressivestages.Progressivestages/]: [ProgressiveStages] Generated default stage file: iron_age.toml
[17Jun2026 21:11:19.704] [modloading-worker-0/INFO] [com.enviouse.progressivestages.Progressivestages/]: [ProgressiveStages] Generated default stage file: diamond_age.toml
[17Jun2026 21:11:19.705] [modloading-worker-0/INFO] [com.enviouse.progressivestages.Progressivestages/]: [ProgressiveStages] Generating triggers.toml...
[17Jun2026 21:11:19.706] [modloading-worker-0/INFO] [com.enviouse.progressivestages.Progressivestages/]: [ProgressiveStages] Generated default stage file: triggers.toml
[17Jun2026 21:11:19.708] [modloading-worker-0/INFO] [com.enviouse.progressivestages.Progressivestages/]: ProgressiveStages initialized successfully
[17Jun2026 21:11:19.945] [modloading-worker-0/INFO] [KubeJS Startup/]: startup_scripts:main.js#2: Hello, World! (Loaded startup example script)
[17Jun2026 21:11:19.946] [modloading-worker-0/INFO] [KubeJS Startup/]: Loaded script startup_scripts:main.js in 0.034 s
[17Jun2026 21:11:19.949] [modloading-worker-0/INFO] [KubeJS Startup/]: Loaded 1/1 KubeJS startup scripts in 0.573 s with 0 errors and 0 warnings
[17Jun2026 21:11:20.016] [modloading-worker-0/INFO] [KubeJS Client/]: client_scripts:main.js#2: Hello, World! (Loaded client example script)
[17Jun2026 21:11:20.016] [modloading-worker-0/INFO] [KubeJS Client/]: Loaded script client_scripts:main.js in 0.0 s
[17Jun2026 21:11:20.016] [modloading-worker-0/INFO] [KubeJS Client/]: Loaded 1/1 KubeJS client scripts in 0.066 s with 0 errors and 0 warnings
[17Jun2026 21:11:20.020] [modloading-worker-0/INFO] [KubeJS Startup/]: Validated 0 files in kubejs/assets/ in 0ms
[17Jun2026 21:11:20.021] [modloading-worker-0/INFO] [KubeJS Startup/]: Validated 0 files in kubejs/data/ in 0ms
[17Jun2026 21:11:23.477] [Render thread/INFO] [net.minecraft.server.packs.resources.ReloadableResourceManager/]: Reloading ResourceManager: vanilla, KubeJS Virtual Resource Pack [Before Mods, assets], mod_resources, mod/emi, mod/rhino, mod/architectury, mod/ftblibrary, mod/jei, mod/ftbteams, mod/ftbquests, mod/progressivestages, mod/flywheel, mod/ponder, mod/create, mod/neoforge, mod/kubejs, mod/ftbxmodcompat, mod/kubejs_create, mod/betteradvancedtooltips, KubeJS Virtual Resource Pack [Internal, assets], KubeJS Virtual Resource Pack [After Mods, assets], KubeJS File Resource Pack [assets], mod/ponderjs, KubeJS Virtual Resource Pack [Last, assets]
[17Jun2026 21:11:23.508] [Worker-Main-3/INFO] [FTB Library/]: Setting game stages provider implementation to: KubeJS Stages
[17Jun2026 21:11:23.509] [Worker-Main-3/INFO] [FTB XMod Compat/]: Chose [KubeJS Stages] as the active game stages implementation
[17Jun2026 21:11:23.514] [Worker-Main-3/INFO] [FTB XMod Compat/]: Chose [FALLBACK] as the active permissions implementation
[17Jun2026 21:11:23.521] [Worker-Main-3/INFO] [FTB Library/]: Setting permissions currency implementation to: <NONE>
[17Jun2026 21:11:23.521] [Worker-Main-3/INFO] [FTB XMod Compat/]: Chose [<NONE>] as the active currency implementation
[17Jun2026 21:11:23.527] [Worker-Main-3/INFO] [FTB XMod Compat/]: [FTB Quests] recipe helper provider is [JEI]
[17Jun2026 21:11:23.528] [Worker-Main-3/INFO] [com.enviouse.progressivestages.Progressivestages/]: ProgressiveStages common setup
[17Jun2026 21:11:23.608] [NeoForge Version Check/INFO] [net.neoforged.fml.VersionChecker/]: [create] Starting version check at https://api.modrinth.com/updates/create/forge_updates.json?neoforge=only
[17Jun2026 21:11:23.651] [Render thread/INFO] [KubeJS Client/]: Client resource reload complete!
[17Jun2026 21:11:23.671] [Worker-Main-12/INFO] [net.minecraft.client.gui.font.providers.UnihexProvider/]: Found unifont_all_no_pua-15.1.05.hex, loading
[17Jun2026 21:11:23.755] [Worker-Main-9/INFO] [net.minecraft.client.gui.font.providers.UnihexProvider/]: Found unifont_jp_patch-15.1.05.hex, loading
[17Jun2026 21:11:24.118] [Worker-Main-9/INFO] [com.enviouse.progressivestages.Progressivestages/]: ProgressiveStages client setup
[17Jun2026 21:11:24.192] [NeoForge Version Check/INFO] [net.neoforged.fml.VersionChecker/]: [create] Found status: OUTDATED Current: 6.0.10 Target: 6.0.10+mc1.21.1
[17Jun2026 21:11:24.450] [Render thread/INFO] [KubeJS/]: Started the local web server at http://localhost:61423
[17Jun2026 21:11:26.482] [Worker-Main-15/INFO] [PonderIndex/]: Registering Ponder Scenes took 149.5 ms
[17Jun2026 21:11:26.493] [Worker-Main-15/INFO] [PonderIndex/]: Registering Ponder Tags took 10.06 ms
[17Jun2026 21:11:26.728] [Render thread/WARN] [net.minecraft.client.sounds.SoundEngine/]: Missing sound for event: minecraft:item.goat_horn.play
[17Jun2026 21:11:26.728] [Render thread/WARN] [net.minecraft.client.sounds.SoundEngine/]: Missing sound for event: minecraft:entity.goat.screaming.horn_break
[17Jun2026 21:11:27.194] [Render thread/INFO] [com.mojang.blaze3d.audio.Library/]: OpenAL initialized on device OpenAL Soft on Speakers (2- Realtek(R) Audio)
[17Jun2026 21:11:27.195] [Render thread/INFO] [net.minecraft.client.sounds.SoundEngine/SOUNDS]: Sound engine started
[17Jun2026 21:11:27.281] [Render thread/INFO] [net.minecraft.client.renderer.texture.TextureAtlas/]: Created: 2048x1024x4 minecraft:textures/atlas/blocks.png-atlas
[17Jun2026 21:11:27.293] [Render thread/INFO] [net.minecraft.client.renderer.texture.TextureAtlas/]: Created: 256x256x4 minecraft:textures/atlas/signs.png-atlas
[17Jun2026 21:11:27.294] [Render thread/INFO] [net.minecraft.client.renderer.texture.TextureAtlas/]: Created: 512x512x4 minecraft:textures/atlas/shield_patterns.png-atlas
[17Jun2026 21:11:27.294] [Render thread/INFO] [net.minecraft.client.renderer.texture.TextureAtlas/]: Created: 512x512x4 minecraft:textures/atlas/banner_patterns.png-atlas
[17Jun2026 21:11:27.295] [Render thread/INFO] [net.minecraft.client.renderer.texture.TextureAtlas/]: Created: 2048x1024x4 minecraft:textures/atlas/armor_trims.png-atlas
[17Jun2026 21:11:27.299] [Render thread/INFO] [net.minecraft.client.renderer.texture.TextureAtlas/]: Created: 128x64x4 minecraft:textures/atlas/decorated_pot.png-atlas
[17Jun2026 21:11:27.300] [Render thread/INFO] [net.minecraft.client.renderer.texture.TextureAtlas/]: Created: 256x256x4 minecraft:textures/atlas/chest.png-atlas
[17Jun2026 21:11:27.300] [Render thread/INFO] [net.minecraft.client.renderer.texture.TextureAtlas/]: Created: 512x256x4 minecraft:textures/atlas/shulker_boxes.png-atlas
[17Jun2026 21:11:27.300] [Render thread/INFO] [net.minecraft.client.renderer.texture.TextureAtlas/]: Created: 512x256x4 minecraft:textures/atlas/beds.png-atlas
[17Jun2026 21:11:27.367] [Render thread/INFO] [net.minecraft.client.renderer.texture.TextureAtlas/]: Created: 512x256x0 minecraft:textures/atlas/particles.png-atlas
[17Jun2026 21:11:27.369] [Render thread/INFO] [net.minecraft.client.renderer.texture.TextureAtlas/]: Created: 512x256x0 minecraft:textures/atlas/paintings.png-atlas
[17Jun2026 21:11:27.370] [Render thread/INFO] [net.minecraft.client.renderer.texture.TextureAtlas/]: Created: 256x128x0 minecraft:textures/atlas/mob_effects.png-atlas
[17Jun2026 21:11:27.370] [Render thread/INFO] [net.minecraft.client.renderer.texture.TextureAtlas/]: Created: 64x64x0 minecraft:textures/atlas/map_decorations.png-atlas
[17Jun2026 21:11:27.370] [Render thread/INFO] [net.minecraft.client.renderer.texture.TextureAtlas/]: Created: 1024x512x0 minecraft:textures/atlas/gui.png-atlas
[17Jun2026 21:11:27.394] [Render thread/WARN] [net.minecraft.client.renderer.ShaderInstance/]: Shader rendertype_entity_translucent_emissive could not find sampler named Sampler2 in the specified shader program.
[17Jun2026 21:11:27.467] [Render thread/INFO] [net.minecraft.client.renderer.texture.TextureAtlas/]: Created: 256x256x0 jei:textures/atlas/gui.png-atlas
[17Jun2026 21:11:27.490] [Render thread/INFO] [flywheel/backend/shaders/]: Loaded 77 shader sources in 19.669 ms
[17Jun2026 21:11:27.512] [Render thread/INFO] [com.simibubi.create.Create/]: Loaded 58 train hat configurations.
[17Jun2026 21:11:27.513] [Render thread/INFO] [net.neoforged.neoforge.client.entity.animation.json.AnimationLoader/]: Loaded 0 entity animations
[17Jun2026 21:11:34.256] [Render thread/INFO] [com.simibubi.create.Create/]: Created 157 recipes which will be injected into the game
[17Jun2026 21:11:34.261] [Render thread/INFO] [com.simibubi.create.Create/]: Created 0 tags which will be injected into the game
[17Jun2026 21:11:34.292] [Render thread/INFO] [net.minecraft.server.MinecraftServer/]: Found new data pack create:dynamic_data, loading it automatically
[17Jun2026 21:11:34.334] [Render thread/INFO] [KubeJS Server/]: server_scripts:main.js#2: Hello, World! (Loaded server example script)
[17Jun2026 21:11:34.334] [Render thread/INFO] [KubeJS Server/]: Loaded script server_scripts:main.js in 0.001 s
[17Jun2026 21:11:34.345] [Render thread/INFO] [KubeJS Server/]: Loaded 1/1 KubeJS server scripts in 0.048 s with 0 errors and 0 warnings
[17Jun2026 21:11:35.815] [Render thread/INFO] [net.minecraft.world.item.crafting.RecipeManager/]: Loaded 2823 recipes
[17Jun2026 21:11:36.003] [Render thread/INFO] [net.minecraft.advancements.AdvancementTree/]: Loaded 2506 advancements
[17Jun2026 21:11:36.860] [Render thread/INFO] [EMI/]: [EMI] Recipes synchronized, waiting for tags to reload EMI...
[17Jun2026 21:12:03.139] [Render thread/INFO] [com.simibubi.create.Create/]: Created 157 recipes which will be injected into the game
[17Jun2026 21:12:03.141] [Render thread/INFO] [com.simibubi.create.Create/]: Created 0 tags which will be injected into the game
[17Jun2026 21:12:03.151] [Render thread/INFO] [KubeJS Server/]: server_scripts:main.js#2: Hello, World! (Loaded server example script)
[17Jun2026 21:12:03.151] [Render thread/INFO] [KubeJS Server/]: Loaded script server_scripts:main.js in 0.001 s
[17Jun2026 21:12:03.152] [Render thread/INFO] [KubeJS Server/]: Loaded 1/1 KubeJS server scripts in 0.006 s with 0 errors and 0 warnings
[17Jun2026 21:12:03.153] [Render thread/WARN] [KubeJS Server/]: Due to the way Minecraft resource loading works, KubeJS' server.log may not contain everything that happened in your server scripts on initial world creation.
[17Jun2026 21:12:03.153] [Render thread/WARN] [KubeJS Server/]: You can still see the full log (including past reloads) in your latest.log file.
[17Jun2026 21:12:03.213] [Server thread/INFO] [net.minecraft.client.server.IntegratedServer/]: Starting integrated minecraft server version 1.21.1
[17Jun2026 21:12:03.213] [Server thread/INFO] [net.minecraft.server.MinecraftServer/]: Generating keypair
[17Jun2026 21:12:05.935] [Server thread/INFO] [net.minecraft.server.MinecraftServer/]: Preparing start region for dimension minecraft:overworld
[17Jun2026 21:12:05.939] [Server thread/INFO] [KubeJS Server/]: Server resource reload complete!
[17Jun2026 21:12:05.987] [Render thread/INFO] [net.minecraft.server.level.progress.LoggerChunkProgressListener/]: Preparing spawn area: 2%
[17Jun2026 21:12:06.460] [Render thread/INFO] [net.minecraft.server.level.progress.LoggerChunkProgressListener/]: Preparing spawn area: 2%
[17Jun2026 21:12:06.955] [Render thread/INFO] [net.minecraft.server.level.progress.LoggerChunkProgressListener/]: Preparing spawn area: 18%
[17Jun2026 21:12:07.461] [Render thread/INFO] [net.minecraft.server.level.progress.LoggerChunkProgressListener/]: Preparing spawn area: 18%
[17Jun2026 21:12:07.964] [Render thread/INFO] [net.minecraft.server.level.progress.LoggerChunkProgressListener/]: Preparing spawn area: 51%
[17Jun2026 21:12:08.465] [Server thread/INFO] [net.neoforged.neoforge.server.permission.PermissionAPI/]: Successfully initialized permission handler neoforge:default_handler
[17Jun2026 21:12:08.466] [Server thread/INFO] [com.enviouse.progressivestages.common.team.TeamProvider/]: FTB Teams detected, enabling team integration
[17Jun2026 21:12:08.469] [Render thread/INFO] [net.minecraft.server.level.progress.LoggerChunkProgressListener/]: Time elapsed: 2518 ms
[17Jun2026 21:12:08.507] [Server thread/INFO] [com.enviouse.progressivestages.server.loader.StageFileLoader/]: Loaded 3 stage definitions
[17Jun2026 21:12:08.510] [Server thread/INFO] [com.enviouse.progressivestages.common.tags.StageTagRegistry/]: [ProgressiveStages] Built dynamic stage tags: 3 stages, 36 total items
[17Jun2026 21:12:08.525] [Server thread/INFO] [com.enviouse.progressivestages.server.triggers.TriggerConfigLoader/]: [ProgressiveStages] Loaded trigger config from C:\Users\FSOS\curseforge\minecraft\Instances\steal-the-sun-2.0.0\config\ProgressiveStages\triggers.toml (0 multi-requirement(s))
[17Jun2026 21:12:08.530] [Server thread/INFO] [com.enviouse.progressivestages.server.integration.FTBTeamsIntegration/]: [ProgressiveStages] FTB Teams integration registered successfully
[17Jun2026 21:12:08.532] [Server thread/INFO] [com.enviouse.progressivestages.compat.ftbquests.FTBQuestsCompat/]: [ProgressiveStages] Attempting to register FTB Library stage provider...
[17Jun2026 21:12:08.532] [Server thread/INFO] [com.enviouse.progressivestages.compat.ftbquests.FtbQuestsHooks/]: [ProgressiveStages] Starting FTB Library stage provider registration...
[17Jun2026 21:12:08.534] [Server thread/INFO] [com.enviouse.progressivestages.compat.ftbquests.FtbQuestsHooks/]: [ProgressiveStages] Replacing existing stage provider: dev.ftb.mods.ftbxmodcompat.generic.gamestages.neoforge.KubeJSStageProvider@20747b20
[17Jun2026 21:12:08.535] [Server thread/WARN] [FTB Library/]: Overriding existing game stages provider: KubeJS Stages -> ProgressiveStagesStageProvider
[17Jun2026 21:12:08.535] [Server thread/INFO] [com.enviouse.progressivestages.compat.ftbquests.FtbQuestsHooks/]: [ProgressiveStages] Successfully registered as FTB Library stage provider
[17Jun2026 21:12:08.535] [Server thread/INFO] [com.enviouse.progressivestages.compat.ftbquests.FTBQuestsCompat/]: [ProgressiveStages] FTB Quests integration active - provider registered successfully
[17Jun2026 21:12:08.535] [Server thread/INFO] [com.enviouse.progressivestages.compat.ftbquests.FTBQuestsCompat/]: [ProgressiveStages] FTB Quests integration initialized
[17Jun2026 21:12:08.536] [Server thread/INFO] [com.enviouse.progressivestages.compat.kubejs.KubeJSStagesCompat/]: [ProgressiveStages] KubeJS compat active — scripts can read/grant stages via player.stages.
[17Jun2026 21:12:08.536] [Server thread/INFO] [com.enviouse.progressivestages.compat.ModCompatRegistry/]: [ProgressiveStages] Loaded compat module for 'kubejs'
[17Jun2026 21:12:08.537] [Server thread/INFO] [com.enviouse.progressivestages.compat.AutomationCompatNotes/]: [ProgressiveStages] Automation-mod coverage report:
  • create (loaded): FULL (drops via vanilla events)
[17Jun2026 21:12:08.589] [Server thread/INFO] [com.enviouse.progressivestages.server.integration.FTBTeamsIntegration/]: [ProgressiveStages] FTB Teams detected, team stage monitoring enabled
[17Jun2026 21:12:08.589] [Server thread/INFO] [net.minecraft.client.server.IntegratedServer/]: Changing view distance to 12, from 10
[17Jun2026 21:12:08.589] [Server thread/INFO] [net.minecraft.client.server.IntegratedServer/]: Changing simulation distance to 12, from 0
[17Jun2026 21:12:09.333] [Render thread/INFO] [com.simibubi.create.Create/]: Created 157 recipes which will be injected into the game
[17Jun2026 21:12:09.336] [Render thread/INFO] [com.simibubi.create.Create/]: Created 0 tags which will be injected into the game
[17Jun2026 21:12:09.453] [Render thread/INFO] [EMI/]: [EMI] Recipes synchronized, waiting for tags to reload EMI...
[17Jun2026 21:12:09.591] [Server thread/INFO] [net.minecraft.server.players.PlayerList/]: mexasae86[local:E:672451b0] logged in with entity id 3 at (6.5, 78.0, 1.5)
[17Jun2026 21:12:09.683] [Server thread/INFO] [net.minecraft.server.MinecraftServer/]: mexasae86 joined the game
[17Jun2026 21:12:10.085] [Render thread/INFO] [flywheel/]: Started 10 worker threads
[17Jun2026 21:12:10.154] [Render thread/INFO] [mezz.jei.core.util.LoggedTimer/]: Starting JEI...
[17Jun2026 21:12:10.164] [Render thread/INFO] [mezz.jei.library.load.PluginCaller/]: Registering item subtypes...
[17Jun2026 21:12:10.167] [Render thread/INFO] [mezz.jei.library.load.PluginCaller/]: Registering item subtypes took 2.316 milliseconds
[17Jun2026 21:12:10.167] [Render thread/INFO] [mezz.jei.library.load.PluginCaller/]: Registering fluid subtypes...
[17Jun2026 21:12:10.171] [Render thread/INFO] [mezz.jei.library.load.PluginCaller/]: Registering fluid subtypes took 3.600 milliseconds
[17Jun2026 21:12:10.175] [Render thread/INFO] [mezz.jei.library.load.PluginCaller/]: Registering ingredients...
[17Jun2026 21:12:10.327] [Render thread/WARN] [mezz.jei.library.plugins.vanilla.ingredients.ItemStackListFactory/]: Item Group has no display items and no search tab display items. Items from this group will be missing from the JEI ingredient list. K.KubeJS
[17Jun2026 21:12:10.377] [Render thread/INFO] [mezz.jei.library.load.PluginCallerTimerRunnable/]: Registering ingredients: jei:minecraft took 201.2 milliseconds
[17Jun2026 21:12:10.378] [Render thread/INFO] [mezz.jei.library.load.PluginCaller/]: Registering ingredients took 202.2 milliseconds
[17Jun2026 21:12:10.378] [Render thread/INFO] [mezz.jei.library.load.PluginCaller/]: Registering extra ingredients...
[17Jun2026 21:12:10.386] [Render thread/INFO] [mezz.jei.library.load.PluginCaller/]: Registering extra ingredients took 7.327 milliseconds
[17Jun2026 21:12:10.386] [Render thread/INFO] [mezz.jei.library.load.PluginCaller/]: Registering search ingredient aliases...
[17Jun2026 21:12:10.387] [Render thread/INFO] [mezz.jei.library.load.PluginCaller/]: Registering search ingredient aliases took 799.5 microseconds
[17Jun2026 21:12:10.442] [Render thread/INFO] [mezz.jei.library.load.PluginCaller/]: Registering Mod Info...
[17Jun2026 21:12:10.444] [Render thread/INFO] [mezz.jei.library.load.PluginCaller/]: Registering Mod Info took 1.030 milliseconds
[17Jun2026 21:12:10.467] [Render thread/INFO] [mezz.jei.library.load.PluginCaller/]: Registering categories...
[17Jun2026 21:12:10.501] [Render thread/INFO] [mezz.jei.library.load.PluginCallerTimerRunnable/]: Registering categories: jei:minecraft took 33.09 milliseconds
[17Jun2026 21:12:10.557] [Render thread/INFO] [mezz.jei.library.load.PluginCallerTimerRunnable/]: Registering categories: create:jei_plugin took 55.07 milliseconds
[17Jun2026 21:12:10.563] [Render thread/INFO] [mezz.jei.library.load.PluginCaller/]: Registering categories took 95.82 milliseconds
[17Jun2026 21:12:10.564] [Render thread/INFO] [mezz.jei.library.load.PluginCaller/]: Registering vanilla category extensions...
[17Jun2026 21:12:10.568] [Render thread/INFO] [mezz.jei.library.load.PluginCaller/]: Registering vanilla category extensions took 3.630 milliseconds
[17Jun2026 21:12:10.570] [Render thread/INFO] [mezz.jei.library.load.PluginCaller/]: Registering recipe catalysts...
[17Jun2026 21:12:10.572] [Render thread/INFO] [mezz.jei.library.load.PluginCaller/]: Registering recipe catalysts took 1.954 milliseconds
[17Jun2026 21:12:10.573] [Render thread/INFO] [mezz.jei.core.util.LoggedTimer/]: Building recipe registry...
[17Jun2026 21:12:10.599] [Render thread/INFO] [mezz.jei.core.util.LoggedTimer/]: Building recipe registry took 26.34 milliseconds
[17Jun2026 21:12:10.602] [Render thread/INFO] [mezz.jei.library.load.PluginCaller/]: Registering advanced plugins...
[17Jun2026 21:12:10.615] [Render thread/INFO] [mezz.jei.library.load.registration.AdvancedRegistration/]: Added recipe manager plugin: class dev.ftb.mods.ftbxmodcompat.ftbquests.jei.QuestRecipeManagerPlugin
[17Jun2026 21:12:10.618] [Render thread/INFO] [mezz.jei.library.load.registration.AdvancedRegistration/]: Added recipe manager plugin: class dev.ftb.mods.ftbxmodcompat.ftbquests.jei.LootCrateRecipeManagerPlugin
[17Jun2026 21:12:10.619] [Render thread/INFO] [mezz.jei.library.load.PluginCallerTimerRunnable/]: Registering advanced plugins: ftbxmodcompat:ftbquests_jei took 15.94 milliseconds
[17Jun2026 21:12:10.619] [Render thread/INFO] [mezz.jei.library.load.PluginCaller/]: Registering advanced plugins took 16.65 milliseconds
[17Jun2026 21:12:10.620] [Render thread/INFO] [mezz.jei.library.load.PluginCaller/]: Registering recipes...
[17Jun2026 21:12:10.840] [Render thread/INFO] [mezz.jei.library.load.PluginCallerTimerRunnable/]: Registering recipes: create:jei_plugin took 218.6 milliseconds
[17Jun2026 21:12:10.841] [Render thread/INFO] [mezz.jei.library.load.PluginCaller/]: Registering recipes took 219.9 milliseconds
[17Jun2026 21:12:10.857] [Render thread/INFO] [mezz.jei.library.load.PluginCaller/]: Registering recipes transfer handlers...
[17Jun2026 21:12:10.863] [Render thread/INFO] [mezz.jei.library.load.PluginCaller/]: Registering recipes transfer handlers took 5.674 milliseconds
[17Jun2026 21:12:10.878] [Render thread/INFO] [mezz.jei.core.util.LoggedTimer/]: Building runtime...
[17Jun2026 21:12:10.890] [Render thread/INFO] [mezz.jei.library.load.PluginCaller/]: Registering gui handlers...
[17Jun2026 21:12:10.897] [Render thread/INFO] [mezz.jei.library.load.PluginCaller/]: Registering gui handlers took 7.117 milliseconds
[17Jun2026 21:12:10.905] [Render thread/INFO] [mezz.jei.library.load.PluginCaller/]: Registering Runtime...
[17Jun2026 21:12:10.913] [Render thread/INFO] [mezz.jei.library.load.PluginCaller/]: Registering Runtime took 8.581 milliseconds
[17Jun2026 21:12:10.916] [Render thread/INFO] [mezz.jei.core.util.LoggedTimer/]: Building runtime took 37.89 milliseconds
[17Jun2026 21:12:10.916] [Render thread/INFO] [mezz.jei.library.load.PluginCaller/]: Sending Runtime...
[17Jun2026 21:12:10.918] [Render thread/INFO] [mezz.jei.library.load.PluginCaller/]: Sending Runtime took 812.2 microseconds
[17Jun2026 21:12:10.918] [Render thread/INFO] [mezz.jei.core.util.LoggedTimer/]: Starting JEI took 763.8 milliseconds
[17Jun2026 21:12:10.918] [Render thread/INFO] [EMI/]: [EMI] Tags synchronized, reloading EMI
[17Jun2026 21:12:10.918] [Render thread/INFO] [EMI/]: [EMI] Starting Reload
[17Jun2026 21:12:10.923] [Thread-14/INFO] [EMI/]: [EMI] Starting EMI reload...
[17Jun2026 21:12:10.924] [Thread-14/INFO] [EMI/]: [EMI] Clearing data
[17Jun2026 21:12:10.958] [Render thread/INFO] [net.minecraft.client.gui.components.ChatComponent/]: [System] [CHAT] Stone Age Unlocked! Begin your journey into the unknown.
[17Jun2026 21:12:10.974] [Render thread/INFO] [com.enviouse.progressivestages.client.ClientStageCache/]: [ProgressiveStages] Stage change detected, scheduling EMI/JEI reload...
[17Jun2026 21:12:10.999] [Thread-14/WARN] [EMI/]: [EMI] dev.emi.emi.api.widget.SlotWidget is tainted by
	 * com.enviouse.progressivestages.mixin.client.EmiStackWidgetMixin
[17Jun2026 21:12:11.010] [Render thread/INFO] [com.enviouse.progressivestages.client.ClientStageCache/]: [ProgressiveStages] Client cached 3 stage definitions
[17Jun2026 21:12:11.011] [Render thread/INFO] [net.minecraft.client.gui.components.ChatComponent/]: [System] [CHAT] ⚠ You are in creative mode, which bypasses most ProgressiveStages locks.
[17Jun2026 21:12:11.012] [Render thread/INFO] [net.minecraft.client.gui.components.ChatComponent/]: [System] [CHAT] To hide this notice, run /progressivestages no-creative-popup (toggles on/off).
[17Jun2026 21:12:11.013] [Render thread/INFO] [net.minecraft.client.gui.components.ChatComponent/]: [System] [CHAT] To disable creative bypass entirely, set enforcement.allow_creative_bypass = false in the config.
[17Jun2026 21:12:11.034] [Thread-14/INFO] [EMI/]: [EMI] Initializing plugin from emi
[17Jun2026 21:12:11.070] [Render thread/INFO] [FTB Quests/]: Read 579 bytes, 1 objects
[17Jun2026 21:12:11.078] [Thread-14/INFO] [EMI/]: [EMI] Initialized plugin from emi in 41ms
[17Jun2026 21:12:11.078] [Thread-14/INFO] [EMI/]: [EMI] Initializing plugin from ftblibrary
[17Jun2026 21:12:11.078] [Thread-14/INFO] [EMI/]: [EMI] Initialized plugin from ftblibrary in 0ms
[17Jun2026 21:12:11.078] [Thread-14/INFO] [EMI/]: [EMI] Initializing plugin from progressivestages
[17Jun2026 21:12:11.078] [Thread-14/INFO] [EMI/]: [EMI] Initialized plugin from progressivestages in 0ms
[17Jun2026 21:12:11.078] [Thread-14/INFO] [EMI/]: [EMI] Initializing plugin from kubejs
[17Jun2026 21:12:11.078] [Thread-14/INFO] [EMI/]: [EMI] Initialized plugin from kubejs in 0ms
[17Jun2026 21:12:11.078] [Thread-14/INFO] [EMI/]: [EMI] Initializing plugin from jemi
[17Jun2026 21:12:11.078] [Thread-14/INFO] [EMI/]: [EMI] Initialized plugin from jemi in 0ms
[17Jun2026 21:12:11.082] [Thread-14/INFO] [EMI/]: [EMI] Processing tags
[17Jun2026 21:12:11.084] [Render thread/INFO] [net.minecraft.advancements.AdvancementTree/]: Loaded 2 advancements
[17Jun2026 21:12:11.111] [Thread-14/INFO] [EMI/]: [EMI] Constructing index
[17Jun2026 21:12:11.120] [Thread-14/INFO] [EMI/]: [EMI] Reloading item groups on client thread...
[17Jun2026 21:12:11.194] [Thread-14/INFO] [EMI/]: [EMI] Reloading item groups on client thread took 74ms
[17Jun2026 21:12:11.219] [Thread-14/INFO] [EMI/]: [EMI] Loading plugin from emi
[17Jun2026 21:12:11.566] [Thread-14/INFO] [EMI/]: [EMI] Reloaded plugin from emi in 346ms
[17Jun2026 21:12:11.566] [Thread-14/INFO] [EMI/]: [EMI] Loading plugin from ftblibrary
[17Jun2026 21:12:11.567] [Thread-14/INFO] [EMI/]: [EMI] Reloaded plugin from ftblibrary in 1ms
[17Jun2026 21:12:11.567] [Thread-14/INFO] [EMI/]: [EMI] Loading plugin from progressivestages
[17Jun2026 21:12:11.567] [Thread-14/INFO] [com.enviouse.progressivestages.client.emi.ProgressiveStagesEMIPlugin/]: [ProgressiveStages] EMI plugin registering...
[17Jun2026 21:12:11.567] [Thread-14/INFO] [com.enviouse.progressivestages.client.emi.ProgressiveStagesEMIPlugin/]: [ProgressiveStages] EMI integration enabled
[17Jun2026 21:12:11.567] [Thread-14/INFO] [EMI/]: [EMI] Reloaded plugin from progressivestages in 0ms
[17Jun2026 21:12:11.567] [Thread-14/INFO] [EMI/]: [EMI] Loading plugin from kubejs
[17Jun2026 21:12:11.569] [Thread-14/INFO] [EMI/]: [EMI] Reloaded plugin from kubejs in 2ms
[17Jun2026 21:12:11.569] [Thread-14/INFO] [EMI/]: [EMI] Loading plugin from jemi
[17Jun2026 21:12:11.569] [Thread-14/INFO] [EMI/]: [EMI] [JEMI] Waiting for JEI to finish reloading...
[17Jun2026 21:12:11.569] [Thread-14/INFO] [EMI/]: [EMI] Waiting for JEI to finish...
[17Jun2026 21:12:11.569] [Thread-14/INFO] [EMI/]: [EMI] [JEMI] JEI reloaded!
[17Jun2026 21:12:11.573] [Thread-14/INFO] [EMI/]: [EMI] Loading information from JEI...
[17Jun2026 21:12:11.583] [Thread-14/INFO] [EMI/]: [EMI] Processing JEI stacks...
[17Jun2026 21:12:11.583] [Thread-14/INFO] [EMI/]: [EMI] Processing JEI subtypes...
[17Jun2026 21:12:11.586] [Thread-14/INFO] [EMI/]: [EMI] Processing JEI recipes...
[17Jun2026 21:12:11.590] [Thread-14/INFO] [EMI/]: [EMI] [JEMI] Collecting data for Crafting
[17Jun2026 21:12:11.590] [Thread-14/INFO] [EMI/]: [EMI] Loading JEI data for Crafting
[17Jun2026 21:12:11.616] [Thread-14/INFO] [EMI/]: [EMI] [JEMI] Collecting data for Anvil
[17Jun2026 21:12:11.616] [Thread-14/INFO] [EMI/]: [EMI] Loading JEI data for Anvil
[17Jun2026 21:12:11.617] [Thread-14/INFO] [EMI/]: [EMI] [JEMI] Collecting data for Blasting
[17Jun2026 21:12:11.617] [Thread-14/INFO] [EMI/]: [EMI] Loading JEI data for Blasting
[17Jun2026 21:12:11.617] [Thread-14/INFO] [EMI/]: [EMI] [JEMI] Collecting data for Brewing
[17Jun2026 21:12:11.617] [Thread-14/INFO] [EMI/]: [EMI] Loading JEI data for Brewing
[17Jun2026 21:12:11.617] [Thread-14/INFO] [EMI/]: [EMI] [JEMI] Collecting data for Campfire Cooking
[17Jun2026 21:12:11.617] [Thread-14/INFO] [EMI/]: [EMI] Loading JEI data for Campfire Cooking
[17Jun2026 21:12:11.617] [Thread-14/INFO] [EMI/]: [EMI] [JEMI] Collecting data for Composting
[17Jun2026 21:12:11.617] [Thread-14/INFO] [EMI/]: [EMI] Loading JEI data for Composting
[17Jun2026 21:12:11.617] [Thread-14/INFO] [EMI/]: [EMI] [JEMI] Collecting data for Fuel
[17Jun2026 21:12:11.617] [Thread-14/INFO] [EMI/]: [EMI] Loading JEI data for Fuel
[17Jun2026 21:12:11.617] [Thread-14/INFO] [EMI/]: [EMI] [JEMI] Collecting data for Grindstone
[17Jun2026 21:12:11.617] [Thread-14/INFO] [EMI/]: [EMI] Loading JEI data for Grindstone
[17Jun2026 21:12:11.619] [Thread-14/INFO] [EMI/]: [EMI] [JEMI] Collecting data for Smelting
[17Jun2026 21:12:11.619] [Thread-14/INFO] [EMI/]: [EMI] Loading JEI data for Smelting
[17Jun2026 21:12:11.619] [Thread-14/INFO] [EMI/]: [EMI] [JEMI] Collecting data for Smithing Table
[17Jun2026 21:12:11.619] [Thread-14/INFO] [EMI/]: [EMI] Loading JEI data for Smithing Table
[17Jun2026 21:12:11.619] [Thread-14/INFO] [EMI/]: [EMI] [JEMI] Collecting data for Smoking
[17Jun2026 21:12:11.619] [Thread-14/INFO] [EMI/]: [EMI] Loading JEI data for Smoking
[17Jun2026 21:12:11.619] [Thread-14/INFO] [EMI/]: [EMI] [JEMI] Collecting data for Stonecutting
[17Jun2026 21:12:11.619] [Thread-14/INFO] [EMI/]: [EMI] Loading JEI data for Stonecutting
[17Jun2026 21:12:11.619] [Thread-14/INFO] [EMI/]: [EMI] [JEMI] Collecting data for Automated Brewing
[17Jun2026 21:12:11.619] [Thread-14/INFO] [EMI/]: [EMI] Loading JEI data for Automated Brewing
[17Jun2026 21:12:11.654] [Thread-14/INFO] [EMI/]: [EMI] [JEMI] Collecting data for Automated Packing
[17Jun2026 21:12:11.654] [Thread-14/INFO] [EMI/]: [EMI] Loading JEI data for Automated Packing
[17Jun2026 21:12:11.656] [Thread-14/INFO] [EMI/]: [EMI] [JEMI] Collecting data for Automated Shaped Crafting
[17Jun2026 21:12:11.656] [Thread-14/INFO] [EMI/]: [EMI] Loading JEI data for Automated Shaped Crafting
[17Jun2026 21:12:11.673] [Thread-14/INFO] [EMI/]: [EMI] [JEMI] Collecting data for Automated Shapeless Crafting
[17Jun2026 21:12:11.673] [Thread-14/INFO] [EMI/]: [EMI] Loading JEI data for Automated Shapeless Crafting
[17Jun2026 21:12:11.677] [Thread-14/INFO] [EMI/]: [EMI] [JEMI] Collecting data for Block Cutting
[17Jun2026 21:12:11.677] [Thread-14/INFO] [EMI/]: [EMI] Loading JEI data for Block Cutting
[17Jun2026 21:12:11.679] [Thread-14/INFO] [EMI/]: [EMI] [JEMI] Collecting data for Crushing
[17Jun2026 21:12:11.679] [Thread-14/INFO] [EMI/]: [EMI] Loading JEI data for Crushing
[17Jun2026 21:12:11.681] [Thread-14/INFO] [EMI/]: [EMI] [JEMI] Collecting data for Deploying
[17Jun2026 21:12:11.681] [Thread-14/INFO] [EMI/]: [EMI] Loading JEI data for Deploying
[17Jun2026 21:12:11.683] [Thread-14/INFO] [EMI/]: [EMI] [JEMI] Collecting data for Item Draining
[17Jun2026 21:12:11.683] [Thread-14/INFO] [EMI/]: [EMI] Loading JEI data for Item Draining
[17Jun2026 21:12:11.684] [Thread-14/INFO] [EMI/]: [EMI] [JEMI] Collecting data for Bulk Blasting
[17Jun2026 21:12:11.684] [Thread-14/INFO] [EMI/]: [EMI] Loading JEI data for Bulk Blasting
[17Jun2026 21:12:11.684] [Thread-14/INFO] [EMI/]: [EMI] [JEMI] Collecting data for Bulk Haunting
[17Jun2026 21:12:11.684] [Thread-14/INFO] [EMI/]: [EMI] Loading JEI data for Bulk Haunting
[17Jun2026 21:12:11.686] [Thread-14/INFO] [EMI/]: [EMI] [JEMI] Collecting data for Bulk Smoking
[17Jun2026 21:12:11.686] [Thread-14/INFO] [EMI/]: [EMI] Loading JEI data for Bulk Smoking
[17Jun2026 21:12:11.686] [Thread-14/INFO] [EMI/]: [EMI] [JEMI] Collecting data for Bulk Washing
[17Jun2026 21:12:11.686] [Thread-14/INFO] [EMI/]: [EMI] Loading JEI data for Bulk Washing
[17Jun2026 21:12:11.686] [Thread-14/INFO] [EMI/]: [EMI] [JEMI] Collecting data for Manual Item Application
[17Jun2026 21:12:11.686] [Thread-14/INFO] [EMI/]: [EMI] Loading JEI data for Manual Item Application
[17Jun2026 21:12:11.687] [Thread-14/INFO] [EMI/]: [EMI] [JEMI] Collecting data for Mechanical Crafting
[17Jun2026 21:12:11.688] [Thread-14/INFO] [EMI/]: [EMI] Loading JEI data for Mechanical Crafting
[17Jun2026 21:12:11.688] [Thread-14/INFO] [EMI/]: [EMI] [JEMI] Collecting data for Milling
[17Jun2026 21:12:11.688] [Thread-14/INFO] [EMI/]: [EMI] Loading JEI data for Milling
[17Jun2026 21:12:11.689] [Thread-14/INFO] [EMI/]: [EMI] [JEMI] Collecting data for Mixing
[17Jun2026 21:12:11.689] [Thread-14/INFO] [EMI/]: [EMI] Loading JEI data for Mixing
[17Jun2026 21:12:11.689] [Thread-14/INFO] [EMI/]: [EMI] [JEMI] Collecting data for Mysterious Conversion
[17Jun2026 21:12:11.690] [Thread-14/INFO] [EMI/]: [EMI] Loading JEI data for Mysterious Conversion
[17Jun2026 21:12:11.690] [Thread-14/INFO] [EMI/]: [EMI] [JEMI] Collecting data for Compacting
[17Jun2026 21:12:11.690] [Thread-14/INFO] [EMI/]: [EMI] Loading JEI data for Compacting
[17Jun2026 21:12:11.690] [Thread-14/INFO] [EMI/]: [EMI] [JEMI] Collecting data for Pressing
[17Jun2026 21:12:11.690] [Thread-14/INFO] [EMI/]: [EMI] Loading JEI data for Pressing
[17Jun2026 21:12:11.690] [Thread-14/INFO] [EMI/]: [EMI] [JEMI] Collecting data for Sandpaper Polishing
[17Jun2026 21:12:11.690] [Thread-14/INFO] [EMI/]: [EMI] Loading JEI data for Sandpaper Polishing
[17Jun2026 21:12:11.690] [Thread-14/INFO] [EMI/]: [EMI] [JEMI] Collecting data for Sawing
[17Jun2026 21:12:11.690] [Thread-14/INFO] [EMI/]: [EMI] Loading JEI data for Sawing
[17Jun2026 21:12:11.691] [Thread-14/INFO] [EMI/]: [EMI] [JEMI] Collecting data for Recipe Sequence
[17Jun2026 21:12:11.691] [Thread-14/INFO] [EMI/]: [EMI] Loading JEI data for Recipe Sequence
[17Jun2026 21:12:11.691] [Thread-14/INFO] [EMI/]: [EMI] [JEMI] Collecting data for Filling by Spout
[17Jun2026 21:12:11.691] [Thread-14/INFO] [EMI/]: [EMI] Loading JEI data for Filling by Spout
[17Jun2026 21:12:11.692] [Thread-14/INFO] [EMI/]: [EMI] [JEMI] Collecting data for Loot Crates
[17Jun2026 21:12:11.692] [Thread-14/INFO] [EMI/]: [EMI] Loading JEI data for Loot Crates
[17Jun2026 21:12:11.693] [Thread-14/INFO] [EMI/]: [EMI] [JEMI] Collecting data for Quests
[17Jun2026 21:12:11.693] [Thread-14/INFO] [EMI/]: [EMI] Loading JEI data for Quests
[17Jun2026 21:12:11.693] [Thread-14/INFO] [EMI/]: [EMI] [JEMI] Collecting data for Information
[17Jun2026 21:12:11.693] [Thread-14/INFO] [EMI/]: [EMI] Loading JEI data for Information
[17Jun2026 21:12:11.693] [Thread-14/INFO] [EMI/]: [EMI] Reloaded plugin from jemi in 124ms
[17Jun2026 21:12:11.693] [Thread-14/INFO] [EMI/]: [EMI] Baking index
[17Jun2026 21:12:11.729] [Thread-14/INFO] [EMI/]: [EMI] Registering late recipes
[17Jun2026 21:12:11.730] [Thread-14/INFO] [EMI/]: [EMI] Baking recipes
[17Jun2026 21:12:11.860] [Thread-14/INFO] [EMI/]: [EMI] Baked 7219 recipes in 120ms
[17Jun2026 21:12:11.864] [Thread-14/INFO] [EMI/]: [EMI] Baking search
[17Jun2026 21:12:11.956] [Thread-15/INFO] [EMI/]: [EMI] Baked recipes after reload in 105ms
[17Jun2026 21:12:12.143] [Thread-14/INFO] [EMI/]: [EMI] Finishing up
[17Jun2026 21:12:12.193] [Server thread/INFO] [net.minecraft.client.server.IntegratedServer/]: Saving and pausing game...
[17Jun2026 21:12:12.251] [Thread-14/INFO] [EMI/]: [EMI] Reloaded EMI in 1327ms
[17Jun2026 21:12:12.257] [Server thread/INFO] [net.minecraft.server.MinecraftServer/]: Saving chunks for level 'ServerLevel[New World]'/minecraft:overworld
[17Jun2026 21:12:12.296] [Server thread/INFO] [net.minecraft.server.MinecraftServer/]: Saving chunks for level 'ServerLevel[New World]'/minecraft:the_nether
[17Jun2026 21:12:12.297] [Server thread/INFO] [net.minecraft.server.MinecraftServer/]: Saving chunks for level 'ServerLevel[New World]'/minecraft:the_end
[17Jun2026 21:12:23.542] [Server thread/INFO] [net.minecraft.client.server.IntegratedServer/]: Saving and pausing game...
[17Jun2026 21:12:23.562] [Server thread/INFO] [net.minecraft.server.MinecraftServer/]: Saving chunks for level 'ServerLevel[New World]'/minecraft:overworld
[17Jun2026 21:12:23.812] [Server thread/INFO] [net.minecraft.server.MinecraftServer/]: Saving chunks for level 'ServerLevel[New World]'/minecraft:the_nether
[17Jun2026 21:12:23.814] [Server thread/INFO] [net.minecraft.server.MinecraftServer/]: Saving chunks for level 'ServerLevel[New World]'/minecraft:the_end
[17Jun2026 21:12:30.471] [Render thread/WARN] [net.minecraft.client.sounds.SoundEngine/]: Missing sound for event: minecraft:item.goat_horn.play
[17Jun2026 21:12:30.472] [Render thread/WARN] [net.minecraft.client.sounds.SoundEngine/]: Missing sound for event: minecraft:entity.goat.screaming.horn_break
[17Jun2026 21:12:30.583] [Render thread/INFO] [com.mojang.blaze3d.audio.Library/]: OpenAL initialized on device OpenAL Soft on Speakers (2- Realtek(R) Audio)
[17Jun2026 21:12:30.584] [Render thread/INFO] [net.minecraft.client.sounds.SoundEngine/SOUNDS]: Sound engine started
[17Jun2026 21:12:47.919] [Render thread/WARN] [EMI/]: [EMI] dev.emi.emi.screen.EmiScreenManager$ScreenSpace is tainted by
	 * com.enviouse.progressivestages.mixin.client.EmiScreenManagerMixin
[17Jun2026 21:12:57.486] [Server thread/INFO] [net.minecraft.server.MinecraftServer/]: mexasae86 has made the advancement [Acquire Hardware]
[17Jun2026 21:12:57.515] [Render thread/INFO] [net.minecraft.client.gui.components.ChatComponent/]: [System] [CHAT] mexasae86 has made the advancement [Acquire Hardware]
[17Jun2026 21:12:57.521] [Render thread/INFO] [net.minecraft.advancements.AdvancementTree/]: Loaded 45 advancements
[17Jun2026 21:13:08.511] [Render thread/INFO] [net.minecraft.advancements.AdvancementTree/]: Loaded 48 advancements
[17Jun2026 21:13:46.634] [Server thread/INFO] [net.minecraft.server.MinecraftServer/]: [mexasae86: Set own game mode to Survival Mode]
[17Jun2026 21:13:46.635] [Render thread/INFO] [com.enviouse.progressivestages.client.emi.ProgressiveStagesEMIPlugin/]: [ProgressiveStages] Scheduling EMI reload due to stage/lock change...
[17Jun2026 21:13:46.636] [Render thread/INFO] [net.minecraft.client.gui.components.ChatComponent/]: [System] [CHAT] Set own game mode to Survival Mode
[17Jun2026 21:13:46.636] [Render thread/INFO] [com.enviouse.progressivestages.client.emi.ProgressiveStagesEMIPlugin/]: [ProgressiveStages] Triggering EMI reload. Current stages: [progressivestages:stone_age]
[17Jun2026 21:13:46.636] [Render thread/INFO] [EMI/]: [EMI] Starting Reload
[17Jun2026 21:13:46.636] [Render thread/INFO] [com.enviouse.progressivestages.client.emi.ProgressiveStagesEMIPlugin/]: [ProgressiveStages] EMI reload triggered successfully
[17Jun2026 21:13:46.636] [Thread-25/INFO] [EMI/]: [EMI] Starting EMI reload...
[17Jun2026 21:13:46.636] [Thread-25/INFO] [EMI/]: [EMI] Clearing data
[17Jun2026 21:13:46.640] [Thread-25/INFO] [EMI/]: [EMI] Initializing plugin from emi
[17Jun2026 21:13:46.640] [Thread-25/INFO] [EMI/]: [EMI] Initialized plugin from emi in 0ms
[17Jun2026 21:13:46.640] [Thread-25/INFO] [EMI/]: [EMI] Initializing plugin from ftblibrary
[17Jun2026 21:13:46.641] [Thread-25/INFO] [EMI/]: [EMI] Initialized plugin from ftblibrary in 0ms
[17Jun2026 21:13:46.641] [Thread-25/INFO] [EMI/]: [EMI] Initializing plugin from progressivestages
[17Jun2026 21:13:46.641] [Thread-25/INFO] [EMI/]: [EMI] Initialized plugin from progressivestages in 0ms
[17Jun2026 21:13:46.641] [Thread-25/INFO] [EMI/]: [EMI] Initializing plugin from kubejs
[17Jun2026 21:13:46.641] [Thread-25/INFO] [EMI/]: [EMI] Initialized plugin from kubejs in 0ms
[17Jun2026 21:13:46.641] [Thread-25/INFO] [EMI/]: [EMI] Initializing plugin from jemi
[17Jun2026 21:13:46.641] [Thread-25/INFO] [EMI/]: [EMI] Initialized plugin from jemi in 0ms
[17Jun2026 21:13:46.641] [Thread-25/INFO] [EMI/]: [EMI] Processing tags
[17Jun2026 21:13:46.657] [Thread-25/INFO] [EMI/]: [EMI] Constructing index
[17Jun2026 21:13:46.659] [Thread-25/INFO] [EMI/]: [EMI] Reloading item groups on client thread...
[17Jun2026 21:13:46.683] [Thread-25/INFO] [EMI/]: [EMI] Reloading item groups on client thread took 24ms
[17Jun2026 21:13:46.697] [Thread-25/INFO] [EMI/]: [EMI] Loading plugin from emi
[17Jun2026 21:13:46.855] [Thread-25/INFO] [EMI/]: [EMI] Reloaded plugin from emi in 158ms
[17Jun2026 21:13:46.856] [Thread-25/INFO] [EMI/]: [EMI] Loading plugin from ftblibrary
[17Jun2026 21:13:46.856] [Thread-25/INFO] [EMI/]: [EMI] Reloaded plugin from ftblibrary in 0ms
[17Jun2026 21:13:46.856] [Thread-25/INFO] [EMI/]: [EMI] Loading plugin from progressivestages
[17Jun2026 21:13:46.856] [Thread-25/INFO] [com.enviouse.progressivestages.client.emi.ProgressiveStagesEMIPlugin/]: [ProgressiveStages] EMI plugin registering...
[17Jun2026 21:13:46.860] [Thread-25/INFO] [com.enviouse.progressivestages.client.emi.ProgressiveStagesEMIPlugin/]: [ProgressiveStages] EMI: Set up removal predicate for 36 locked item types (catches all NBT variants)
[17Jun2026 21:13:46.864] [Thread-25/INFO] [com.enviouse.progressivestages.client.emi.ProgressiveStagesEMIPlugin/]: [ProgressiveStages] EMI integration enabled
[17Jun2026 21:13:46.864] [Thread-25/INFO] [EMI/]: [EMI] Reloaded plugin from progressivestages in 8ms
[17Jun2026 21:13:46.864] [Thread-25/INFO] [EMI/]: [EMI] Loading plugin from kubejs
[17Jun2026 21:13:46.864] [Thread-25/INFO] [EMI/]: [EMI] Reloaded plugin from kubejs in 0ms
[17Jun2026 21:13:46.864] [Thread-25/INFO] [EMI/]: [EMI] Loading plugin from jemi
[17Jun2026 21:13:46.864] [Thread-25/INFO] [EMI/]: [EMI] [JEMI] Waiting for JEI to finish reloading...
[17Jun2026 21:13:46.864] [Thread-25/INFO] [EMI/]: [EMI] Waiting for JEI to finish...
[17Jun2026 21:13:46.864] [Thread-25/INFO] [EMI/]: [EMI] [JEMI] JEI reloaded!
[17Jun2026 21:13:46.866] [Thread-25/INFO] [EMI/]: [EMI] Loading information from JEI...
[17Jun2026 21:13:46.867] [Thread-25/INFO] [EMI/]: [EMI] Processing JEI stacks...
[17Jun2026 21:13:46.867] [Thread-25/INFO] [EMI/]: [EMI] Processing JEI subtypes...
[17Jun2026 21:13:46.868] [Thread-25/INFO] [EMI/]: [EMI] Processing JEI recipes...
[17Jun2026 21:13:46.868] [Thread-25/INFO] [EMI/]: [EMI] [JEMI] Collecting data for Crafting
[17Jun2026 21:13:46.869] [Thread-25/INFO] [EMI/]: [EMI] Loading JEI data for Crafting
[17Jun2026 21:13:46.870] [Thread-25/INFO] [EMI/]: [EMI] [JEMI] Collecting data for Anvil
[17Jun2026 21:13:46.870] [Thread-25/INFO] [EMI/]: [EMI] Loading JEI data for Anvil
[17Jun2026 21:13:46.870] [Thread-25/INFO] [EMI/]: [EMI] [JEMI] Collecting data for Blasting
[17Jun2026 21:13:46.870] [Thread-25/INFO] [EMI/]: [EMI] Loading JEI data for Blasting
[17Jun2026 21:13:46.870] [Thread-25/INFO] [EMI/]: [EMI] [JEMI] Collecting data for Brewing
[17Jun2026 21:13:46.870] [Thread-25/INFO] [EMI/]: [EMI] Loading JEI data for Brewing
[17Jun2026 21:13:46.870] [Thread-25/INFO] [EMI/]: [EMI] [JEMI] Collecting data for Campfire Cooking
[17Jun2026 21:13:46.870] [Thread-25/INFO] [EMI/]: [EMI] Loading JEI data for Campfire Cooking
[17Jun2026 21:13:46.870] [Thread-25/INFO] [EMI/]: [EMI] [JEMI] Collecting data for Composting
[17Jun2026 21:13:46.870] [Thread-25/INFO] [EMI/]: [EMI] Loading JEI data for Composting
[17Jun2026 21:13:46.870] [Thread-25/INFO] [EMI/]: [EMI] [JEMI] Collecting data for Fuel
[17Jun2026 21:13:46.870] [Thread-25/INFO] [EMI/]: [EMI] Loading JEI data for Fuel
[17Jun2026 21:13:46.870] [Thread-25/INFO] [EMI/]: [EMI] [JEMI] Collecting data for Grindstone
[17Jun2026 21:13:46.870] [Thread-25/INFO] [EMI/]: [EMI] Loading JEI data for Grindstone
[17Jun2026 21:13:46.870] [Thread-25/INFO] [EMI/]: [EMI] [JEMI] Collecting data for Smelting
[17Jun2026 21:13:46.870] [Thread-25/INFO] [EMI/]: [EMI] Loading JEI data for Smelting
[17Jun2026 21:13:46.870] [Thread-25/INFO] [EMI/]: [EMI] [JEMI] Collecting data for Smithing Table
[17Jun2026 21:13:46.870] [Thread-25/INFO] [EMI/]: [EMI] Loading JEI data for Smithing Table
[17Jun2026 21:13:46.870] [Thread-25/INFO] [EMI/]: [EMI] [JEMI] Collecting data for Smoking
[17Jun2026 21:13:46.870] [Thread-25/INFO] [EMI/]: [EMI] Loading JEI data for Smoking
[17Jun2026 21:13:46.870] [Thread-25/INFO] [EMI/]: [EMI] [JEMI] Collecting data for Stonecutting
[17Jun2026 21:13:46.870] [Thread-25/INFO] [EMI/]: [EMI] Loading JEI data for Stonecutting
[17Jun2026 21:13:46.870] [Thread-25/INFO] [EMI/]: [EMI] [JEMI] Collecting data for Automated Brewing
[17Jun2026 21:13:46.870] [Thread-25/INFO] [EMI/]: [EMI] Loading JEI data for Automated Brewing
[17Jun2026 21:13:46.889] [Thread-25/INFO] [EMI/]: [EMI] [JEMI] Collecting data for Automated Packing
[17Jun2026 21:13:46.889] [Thread-25/INFO] [EMI/]: [EMI] Loading JEI data for Automated Packing
[17Jun2026 21:13:46.891] [Thread-25/INFO] [EMI/]: [EMI] [JEMI] Collecting data for Automated Shaped Crafting
[17Jun2026 21:13:46.891] [Thread-25/INFO] [EMI/]: [EMI] Loading JEI data for Automated Shaped Crafting
[17Jun2026 21:13:46.903] [Thread-25/INFO] [EMI/]: [EMI] [JEMI] Collecting data for Automated Shapeless Crafting
[17Jun2026 21:13:46.903] [Thread-25/INFO] [EMI/]: [EMI] Loading JEI data for Automated Shapeless Crafting
[17Jun2026 21:13:46.907] [Thread-25/INFO] [EMI/]: [EMI] [JEMI] Collecting data for Block Cutting
[17Jun2026 21:13:46.907] [Thread-25/INFO] [EMI/]: [EMI] Loading JEI data for Block Cutting
[17Jun2026 21:13:46.912] [Thread-25/INFO] [EMI/]: [EMI] [JEMI] Collecting data for Crushing
[17Jun2026 21:13:46.913] [Thread-25/INFO] [EMI/]: [EMI] Loading JEI data for Crushing
[17Jun2026 21:13:46.914] [Thread-25/INFO] [EMI/]: [EMI] [JEMI] Collecting data for Deploying
[17Jun2026 21:13:46.914] [Thread-25/INFO] [EMI/]: [EMI] Loading JEI data for Deploying
[17Jun2026 21:13:46.916] [Thread-25/INFO] [EMI/]: [EMI] [JEMI] Collecting data for Item Draining
[17Jun2026 21:13:46.916] [Thread-25/INFO] [EMI/]: [EMI] Loading JEI data for Item Draining
[17Jun2026 21:13:46.917] [Thread-25/INFO] [EMI/]: [EMI] [JEMI] Collecting data for Bulk Blasting
[17Jun2026 21:13:46.917] [Thread-25/INFO] [EMI/]: [EMI] Loading JEI data for Bulk Blasting
[17Jun2026 21:13:46.917] [Thread-25/INFO] [EMI/]: [EMI] [JEMI] Collecting data for Bulk Haunting
[17Jun2026 21:13:46.917] [Thread-25/INFO] [EMI/]: [EMI] Loading JEI data for Bulk Haunting
[17Jun2026 21:13:46.917] [Thread-25/INFO] [EMI/]: [EMI] [JEMI] Collecting data for Bulk Smoking
[17Jun2026 21:13:46.917] [Thread-25/INFO] [EMI/]: [EMI] Loading JEI data for Bulk Smoking
[17Jun2026 21:13:46.918] [Thread-25/INFO] [EMI/]: [EMI] [JEMI] Collecting data for Bulk Washing
[17Jun2026 21:13:46.918] [Thread-25/INFO] [EMI/]: [EMI] Loading JEI data for Bulk Washing
[17Jun2026 21:13:46.918] [Thread-25/INFO] [EMI/]: [EMI] [JEMI] Collecting data for Manual Item Application
[17Jun2026 21:13:46.918] [Thread-25/INFO] [EMI/]: [EMI] Loading JEI data for Manual Item Application
[17Jun2026 21:13:46.918] [Thread-25/INFO] [EMI/]: [EMI] [JEMI] Collecting data for Mechanical Crafting
[17Jun2026 21:13:46.918] [Thread-25/INFO] [EMI/]: [EMI] Loading JEI data for Mechanical Crafting
[17Jun2026 21:13:46.919] [Thread-25/INFO] [EMI/]: [EMI] [JEMI] Collecting data for Milling
[17Jun2026 21:13:46.919] [Thread-25/INFO] [EMI/]: [EMI] Loading JEI data for Milling
[17Jun2026 21:13:46.919] [Thread-25/INFO] [EMI/]: [EMI] [JEMI] Collecting data for Mixing
[17Jun2026 21:13:46.919] [Thread-25/INFO] [EMI/]: [EMI] Loading JEI data for Mixing
[17Jun2026 21:13:46.919] [Thread-25/INFO] [EMI/]: [EMI] [JEMI] Collecting data for Mysterious Conversion
[17Jun2026 21:13:46.919] [Thread-25/INFO] [EMI/]: [EMI] Loading JEI data for Mysterious Conversion
[17Jun2026 21:13:46.919] [Thread-25/INFO] [EMI/]: [EMI] [JEMI] Collecting data for Compacting
[17Jun2026 21:13:46.919] [Thread-25/INFO] [EMI/]: [EMI] Loading JEI data for Compacting
[17Jun2026 21:13:46.919] [Thread-25/INFO] [EMI/]: [EMI] [JEMI] Collecting data for Pressing
[17Jun2026 21:13:46.920] [Thread-25/INFO] [EMI/]: [EMI] Loading JEI data for Pressing
[17Jun2026 21:13:46.920] [Thread-25/INFO] [EMI/]: [EMI] [JEMI] Collecting data for Sandpaper Polishing
[17Jun2026 21:13:46.920] [Thread-25/INFO] [EMI/]: [EMI] Loading JEI data for Sandpaper Polishing
[17Jun2026 21:13:46.920] [Thread-25/INFO] [EMI/]: [EMI] [JEMI] Collecting data for Sawing
[17Jun2026 21:13:46.920] [Thread-25/INFO] [EMI/]: [EMI] Loading JEI data for Sawing
[17Jun2026 21:13:46.920] [Thread-25/INFO] [EMI/]: [EMI] [JEMI] Collecting data for Recipe Sequence
[17Jun2026 21:13:46.921] [Thread-25/INFO] [EMI/]: [EMI] Loading JEI data for Recipe Sequence
[17Jun2026 21:13:46.921] [Thread-25/INFO] [EMI/]: [EMI] [JEMI] Collecting data for Filling by Spout
[17Jun2026 21:13:46.921] [Thread-25/INFO] [EMI/]: [EMI] Loading JEI data for Filling by Spout
[17Jun2026 21:13:46.922] [Thread-25/INFO] [EMI/]: [EMI] [JEMI] Collecting data for Loot Crates
[17Jun2026 21:13:46.922] [Thread-25/INFO] [EMI/]: [EMI] Loading JEI data for Loot Crates
[17Jun2026 21:13:46.922] [Thread-25/INFO] [EMI/]: [EMI] [JEMI] Collecting data for Quests
[17Jun2026 21:13:46.922] [Thread-25/INFO] [EMI/]: [EMI] Loading JEI data for Quests
[17Jun2026 21:13:46.922] [Thread-25/INFO] [EMI/]: [EMI] [JEMI] Collecting data for Information
[17Jun2026 21:13:46.922] [Thread-25/INFO] [EMI/]: [EMI] Loading JEI data for Information
[17Jun2026 21:13:46.922] [Thread-25/INFO] [EMI/]: [EMI] Reloaded plugin from jemi in 58ms
[17Jun2026 21:13:46.922] [Thread-25/INFO] [EMI/]: [EMI] Baking index
[17Jun2026 21:13:46.945] [Thread-25/INFO] [EMI/]: [EMI] Registering late recipes
[17Jun2026 21:13:46.946] [Thread-25/INFO] [EMI/]: [EMI] Baking recipes
[17Jun2026 21:13:47.053] [Thread-25/INFO] [EMI/]: [EMI] Baked 7219 recipes in 107ms
[17Jun2026 21:13:47.055] [Thread-25/INFO] [EMI/]: [EMI] Baking search
[17Jun2026 21:13:47.124] [Thread-26/INFO] [EMI/]: [EMI] Baked recipes after reload in 70ms
[17Jun2026 21:13:47.158] [Thread-25/INFO] [EMI/]: [EMI] Finishing up
[17Jun2026 21:13:47.159] [Thread-25/INFO] [EMI/]: [EMI] Reloaded EMI in 523ms
[17Jun2026 21:14:01.148] [Server thread/INFO] [net.minecraft.server.MinecraftServer/]: [mexasae86: Set own game mode to Creative Mode]
[17Jun2026 21:14:01.156] [Render thread/INFO] [com.enviouse.progressivestages.client.emi.ProgressiveStagesEMIPlugin/]: [ProgressiveStages] Scheduling EMI reload due to stage/lock change...
[17Jun2026 21:14:01.157] [Render thread/INFO] [net.minecraft.client.gui.components.ChatComponent/]: [System] [CHAT] ⚠ You are in creative mode, which bypasses most ProgressiveStages locks.
[17Jun2026 21:14:01.157] [Render thread/INFO] [net.minecraft.client.gui.components.ChatComponent/]: [System] [CHAT] To hide this notice, run /progressivestages no-creative-popup (toggles on/off).
[17Jun2026 21:14:01.157] [Render thread/INFO] [net.minecraft.client.gui.components.ChatComponent/]: [System] [CHAT] To disable creative bypass entirely, set enforcement.allow_creative_bypass = false in the config.
[17Jun2026 21:14:01.157] [Render thread/INFO] [net.minecraft.client.gui.components.ChatComponent/]: [System] [CHAT] Set own game mode to Creative Mode
[17Jun2026 21:14:01.161] [Render thread/INFO] [com.enviouse.progressivestages.client.emi.ProgressiveStagesEMIPlugin/]: [ProgressiveStages] Triggering EMI reload. Current stages: [progressivestages:stone_age]
[17Jun2026 21:14:01.161] [Render thread/INFO] [EMI/]: [EMI] Starting Reload
[17Jun2026 21:14:01.161] [Render thread/INFO] [com.enviouse.progressivestages.client.emi.ProgressiveStagesEMIPlugin/]: [ProgressiveStages] EMI reload triggered successfully
[17Jun2026 21:14:01.162] [Thread-31/INFO] [EMI/]: [EMI] Starting EMI reload...
[17Jun2026 21:14:01.162] [Thread-31/INFO] [EMI/]: [EMI] Clearing data
[17Jun2026 21:14:01.165] [Thread-31/INFO] [EMI/]: [EMI] Initializing plugin from emi
[17Jun2026 21:14:01.166] [Thread-31/INFO] [EMI/]: [EMI] Initialized plugin from emi in 0ms
[17Jun2026 21:14:01.166] [Thread-31/INFO] [EMI/]: [EMI] Initializing plugin from ftblibrary
[17Jun2026 21:14:01.166] [Thread-31/INFO] [EMI/]: [EMI] Initialized plugin from ftblibrary in 0ms
[17Jun2026 21:14:01.166] [Thread-31/INFO] [EMI/]: [EMI] Initializing plugin from progressivestages
[17Jun2026 21:14:01.166] [Thread-31/INFO] [EMI/]: [EMI] Initialized plugin from progressivestages in 0ms
[17Jun2026 21:14:01.166] [Thread-31/INFO] [EMI/]: [EMI] Initializing plugin from kubejs
[17Jun2026 21:14:01.166] [Thread-31/INFO] [EMI/]: [EMI] Initialized plugin from kubejs in 0ms
[17Jun2026 21:14:01.166] [Thread-31/INFO] [EMI/]: [EMI] Initializing plugin from jemi
[17Jun2026 21:14:01.166] [Thread-31/INFO] [EMI/]: [EMI] Initialized plugin from jemi in 0ms
[17Jun2026 21:14:01.166] [Thread-31/INFO] [EMI/]: [EMI] Processing tags
[17Jun2026 21:14:01.171] [Thread-31/INFO] [EMI/]: [EMI] Constructing index
[17Jun2026 21:14:01.172] [Thread-31/INFO] [EMI/]: [EMI] Reloading item groups on client thread...
[17Jun2026 21:14:01.198] [Thread-31/INFO] [EMI/]: [EMI] Reloading item groups on client thread took 26ms
[17Jun2026 21:14:01.202] [Thread-31/INFO] [EMI/]: [EMI] Loading plugin from emi
[17Jun2026 21:14:01.265] [Thread-31/INFO] [EMI/]: [EMI] Reloaded plugin from emi in 63ms
[17Jun2026 21:14:01.266] [Thread-31/INFO] [EMI/]: [EMI] Loading plugin from ftblibrary
[17Jun2026 21:14:01.266] [Thread-31/INFO] [EMI/]: [EMI] Reloaded plugin from ftblibrary in 0ms
[17Jun2026 21:14:01.266] [Thread-31/INFO] [EMI/]: [EMI] Loading plugin from progressivestages
[17Jun2026 21:14:01.266] [Thread-31/INFO] [com.enviouse.progressivestages.client.emi.ProgressiveStagesEMIPlugin/]: [ProgressiveStages] EMI plugin registering...
[17Jun2026 21:14:01.266] [Thread-31/INFO] [com.enviouse.progressivestages.client.emi.ProgressiveStagesEMIPlugin/]: [ProgressiveStages] EMI integration enabled
[17Jun2026 21:14:01.266] [Thread-31/INFO] [EMI/]: [EMI] Reloaded plugin from progressivestages in 0ms
[17Jun2026 21:14:01.266] [Thread-31/INFO] [EMI/]: [EMI] Loading plugin from kubejs
[17Jun2026 21:14:01.266] [Thread-31/INFO] [EMI/]: [EMI] Reloaded plugin from kubejs in 0ms
[17Jun2026 21:14:01.266] [Thread-31/INFO] [EMI/]: [EMI] Loading plugin from jemi
[17Jun2026 21:14:01.266] [Thread-31/INFO] [EMI/]: [EMI] [JEMI] Waiting for JEI to finish reloading...
[17Jun2026 21:14:01.266] [Thread-31/INFO] [EMI/]: [EMI] Waiting for JEI to finish...
[17Jun2026 21:14:01.266] [Thread-31/INFO] [EMI/]: [EMI] [JEMI] JEI reloaded!
[17Jun2026 21:14:01.268] [Thread-31/INFO] [EMI/]: [EMI] Loading information from JEI...
[17Jun2026 21:14:01.268] [Thread-31/INFO] [EMI/]: [EMI] Processing JEI stacks...
[17Jun2026 21:14:01.268] [Thread-31/INFO] [EMI/]: [EMI] Processing JEI subtypes...
[17Jun2026 21:14:01.269] [Thread-31/INFO] [EMI/]: [EMI] Processing JEI recipes...
[17Jun2026 21:14:01.269] [Thread-31/INFO] [EMI/]: [EMI] [JEMI] Collecting data for Crafting
[17Jun2026 21:14:01.269] [Thread-31/INFO] [EMI/]: [EMI] Loading JEI data for Crafting
[17Jun2026 21:14:01.270] [Thread-31/INFO] [EMI/]: [EMI] [JEMI] Collecting data for Anvil
[17Jun2026 21:14:01.270] [Thread-31/INFO] [EMI/]: [EMI] Loading JEI data for Anvil
[17Jun2026 21:14:01.270] [Thread-31/INFO] [EMI/]: [EMI] [JEMI] Collecting data for Blasting
[17Jun2026 21:14:01.270] [Thread-31/INFO] [EMI/]: [EMI] Loading JEI data for Blasting
[17Jun2026 21:14:01.270] [Thread-31/INFO] [EMI/]: [EMI] [JEMI] Collecting data for Brewing
[17Jun2026 21:14:01.270] [Thread-31/INFO] [EMI/]: [EMI] Loading JEI data for Brewing
[17Jun2026 21:14:01.270] [Thread-31/INFO] [EMI/]: [EMI] [JEMI] Collecting data for Campfire Cooking
[17Jun2026 21:14:01.270] [Thread-31/INFO] [EMI/]: [EMI] Loading JEI data for Campfire Cooking
[17Jun2026 21:14:01.270] [Thread-31/INFO] [EMI/]: [EMI] [JEMI] Collecting data for Composting
[17Jun2026 21:14:01.270] [Thread-31/INFO] [EMI/]: [EMI] Loading JEI data for Composting
[17Jun2026 21:14:01.270] [Thread-31/INFO] [EMI/]: [EMI] [JEMI] Collecting data for Fuel
[17Jun2026 21:14:01.271] [Thread-31/INFO] [EMI/]: [EMI] Loading JEI data for Fuel
[17Jun2026 21:14:01.271] [Thread-31/INFO] [EMI/]: [EMI] [JEMI] Collecting data for Grindstone
[17Jun2026 21:14:01.271] [Thread-31/INFO] [EMI/]: [EMI] Loading JEI data for Grindstone
[17Jun2026 21:14:01.271] [Thread-31/INFO] [EMI/]: [EMI] [JEMI] Collecting data for Smelting
[17Jun2026 21:14:01.271] [Thread-31/INFO] [EMI/]: [EMI] Loading JEI data for Smelting
[17Jun2026 21:14:01.271] [Thread-31/INFO] [EMI/]: [EMI] [JEMI] Collecting data for Smithing Table
[17Jun2026 21:14:01.271] [Thread-31/INFO] [EMI/]: [EMI] Loading JEI data for Smithing Table
[17Jun2026 21:14:01.271] [Thread-31/INFO] [EMI/]: [EMI] [JEMI] Collecting data for Smoking
[17Jun2026 21:14:01.271] [Thread-31/INFO] [EMI/]: [EMI] Loading JEI data for Smoking
[17Jun2026 21:14:01.271] [Thread-31/INFO] [EMI/]: [EMI] [JEMI] Collecting data for Stonecutting
[17Jun2026 21:14:01.271] [Thread-31/INFO] [EMI/]: [EMI] Loading JEI data for Stonecutting
[17Jun2026 21:14:01.271] [Thread-31/INFO] [EMI/]: [EMI] [JEMI] Collecting data for Automated Brewing
[17Jun2026 21:14:01.271] [Thread-31/INFO] [EMI/]: [EMI] Loading JEI data for Automated Brewing
[17Jun2026 21:14:01.280] [Thread-31/INFO] [EMI/]: [EMI] [JEMI] Collecting data for Automated Packing
[17Jun2026 21:14:01.280] [Thread-31/INFO] [EMI/]: [EMI] Loading JEI data for Automated Packing
[17Jun2026 21:14:01.280] [Thread-31/INFO] [EMI/]: [EMI] [JEMI] Collecting data for Automated Shaped Crafting
[17Jun2026 21:14:01.280] [Thread-31/INFO] [EMI/]: [EMI] Loading JEI data for Automated Shaped Crafting
[17Jun2026 21:14:01.286] [Thread-31/INFO] [EMI/]: [EMI] [JEMI] Collecting data for Automated Shapeless Crafting
[17Jun2026 21:14:01.287] [Thread-31/INFO] [EMI/]: [EMI] Loading JEI data for Automated Shapeless Crafting
[17Jun2026 21:14:01.289] [Thread-31/INFO] [EMI/]: [EMI] [JEMI] Collecting data for Block Cutting
[17Jun2026 21:14:01.290] [Thread-31/INFO] [EMI/]: [EMI] Loading JEI data for Block Cutting
[17Jun2026 21:14:01.291] [Thread-31/INFO] [EMI/]: [EMI] [JEMI] Collecting data for Crushing
[17Jun2026 21:14:01.291] [Thread-31/INFO] [EMI/]: [EMI] Loading JEI data for Crushing
[17Jun2026 21:14:01.293] [Thread-31/INFO] [EMI/]: [EMI] [JEMI] Collecting data for Deploying
[17Jun2026 21:14:01.293] [Thread-31/INFO] [EMI/]: [EMI] Loading JEI data for Deploying
[17Jun2026 21:14:01.294] [Thread-31/INFO] [EMI/]: [EMI] [JEMI] Collecting data for Item Draining
[17Jun2026 21:14:01.294] [Thread-31/INFO] [EMI/]: [EMI] Loading JEI data for Item Draining
[17Jun2026 21:14:01.295] [Thread-31/INFO] [EMI/]: [EMI] [JEMI] Collecting data for Bulk Blasting
[17Jun2026 21:14:01.295] [Thread-31/INFO] [EMI/]: [EMI] Loading JEI data for Bulk Blasting
[17Jun2026 21:14:01.295] [Thread-31/INFO] [EMI/]: [EMI] [JEMI] Collecting data for Bulk Haunting
[17Jun2026 21:14:01.295] [Thread-31/INFO] [EMI/]: [EMI] Loading JEI data for Bulk Haunting
[17Jun2026 21:14:01.295] [Thread-31/INFO] [EMI/]: [EMI] [JEMI] Collecting data for Bulk Smoking
[17Jun2026 21:14:01.295] [Thread-31/INFO] [EMI/]: [EMI] Loading JEI data for Bulk Smoking
[17Jun2026 21:14:01.296] [Thread-31/INFO] [EMI/]: [EMI] [JEMI] Collecting data for Bulk Washing
[17Jun2026 21:14:01.296] [Thread-31/INFO] [EMI/]: [EMI] Loading JEI data for Bulk Washing
[17Jun2026 21:14:01.296] [Thread-31/INFO] [EMI/]: [EMI] [JEMI] Collecting data for Manual Item Application
[17Jun2026 21:14:01.296] [Thread-31/INFO] [EMI/]: [EMI] Loading JEI data for Manual Item Application
[17Jun2026 21:14:01.296] [Thread-31/INFO] [EMI/]: [EMI] [JEMI] Collecting data for Mechanical Crafting
[17Jun2026 21:14:01.296] [Thread-31/INFO] [EMI/]: [EMI] Loading JEI data for Mechanical Crafting
[17Jun2026 21:14:01.297] [Thread-31/INFO] [EMI/]: [EMI] [JEMI] Collecting data for Milling
[17Jun2026 21:14:01.297] [Thread-31/INFO] [EMI/]: [EMI] Loading JEI data for Milling
[17Jun2026 21:14:01.297] [Thread-31/INFO] [EMI/]: [EMI] [JEMI] Collecting data for Mixing
[17Jun2026 21:14:01.297] [Thread-31/INFO] [EMI/]: [EMI] Loading JEI data for Mixing
[17Jun2026 21:14:01.298] [Thread-31/INFO] [EMI/]: [EMI] [JEMI] Collecting data for Mysterious Conversion
[17Jun2026 21:14:01.298] [Thread-31/INFO] [EMI/]: [EMI] Loading JEI data for Mysterious Conversion
[17Jun2026 21:14:01.298] [Thread-31/INFO] [EMI/]: [EMI] [JEMI] Collecting data for Compacting
[17Jun2026 21:14:01.298] [Thread-31/INFO] [EMI/]: [EMI] Loading JEI data for Compacting
[17Jun2026 21:14:01.298] [Thread-31/INFO] [EMI/]: [EMI] [JEMI] Collecting data for Pressing
[17Jun2026 21:14:01.298] [Thread-31/INFO] [EMI/]: [EMI] Loading JEI data for Pressing
[17Jun2026 21:14:01.298] [Thread-31/INFO] [EMI/]: [EMI] [JEMI] Collecting data for Sandpaper Polishing
[17Jun2026 21:14:01.298] [Thread-31/INFO] [EMI/]: [EMI] Loading JEI data for Sandpaper Polishing
[17Jun2026 21:14:01.299] [Thread-31/INFO] [EMI/]: [EMI] [JEMI] Collecting data for Sawing
[17Jun2026 21:14:01.299] [Thread-31/INFO] [EMI/]: [EMI] Loading JEI data for Sawing
[17Jun2026 21:14:01.299] [Thread-31/INFO] [EMI/]: [EMI] [JEMI] Collecting data for Recipe Sequence
[17Jun2026 21:14:01.299] [Thread-31/INFO] [EMI/]: [EMI] Loading JEI data for Recipe Sequence
[17Jun2026 21:14:01.299] [Thread-31/INFO] [EMI/]: [EMI] [JEMI] Collecting data for Filling by Spout
[17Jun2026 21:14:01.299] [Thread-31/INFO] [EMI/]: [EMI] Loading JEI data for Filling by Spout
[17Jun2026 21:14:01.301] [Thread-31/INFO] [EMI/]: [EMI] [JEMI] Collecting data for Loot Crates
[17Jun2026 21:14:01.301] [Thread-31/INFO] [EMI/]: [EMI] Loading JEI data for Loot Crates
[17Jun2026 21:14:01.301] [Thread-31/INFO] [EMI/]: [EMI] [JEMI] Collecting data for Quests
[17Jun2026 21:14:01.301] [Thread-31/INFO] [EMI/]: [EMI] Loading JEI data for Quests
[17Jun2026 21:14:01.301] [Thread-31/INFO] [EMI/]: [EMI] [JEMI] Collecting data for Information
[17Jun2026 21:14:01.301] [Thread-31/INFO] [EMI/]: [EMI] Loading JEI data for Information
[17Jun2026 21:14:01.301] [Thread-31/INFO] [EMI/]: [EMI] Reloaded plugin from jemi in 35ms
[17Jun2026 21:14:01.301] [Thread-31/INFO] [EMI/]: [EMI] Baking index
[17Jun2026 21:14:01.311] [Thread-31/INFO] [EMI/]: [EMI] Registering late recipes
[17Jun2026 21:14:01.311] [Thread-31/INFO] [EMI/]: [EMI] Baking recipes
[17Jun2026 21:14:01.360] [Thread-31/INFO] [EMI/]: [EMI] Baked 7219 recipes in 49ms
[17Jun2026 21:14:01.361] [Thread-31/INFO] [EMI/]: [EMI] Baking search
[17Jun2026 21:14:01.409] [Thread-32/INFO] [EMI/]: [EMI] Baked recipes after reload in 49ms
[17Jun2026 21:14:01.455] [Thread-31/INFO] [EMI/]: [EMI] Finishing up
[17Jun2026 21:14:01.455] [Thread-31/INFO] [EMI/]: [EMI] Reloaded EMI in 293ms
[17Jun2026 21:14:02.714] [Render thread/INFO] [net.minecraft.client.gui.components.ChatComponent/]: [System] [CHAT] [Debug]: Pause on lost focus: disabled
[17Jun2026 21:18:26.642] [Server thread/INFO] [net.minecraft.client.server.IntegratedServer/]: Saving and pausing game...
[17Jun2026 21:18:26.653] [Server thread/INFO] [net.minecraft.server.MinecraftServer/]: Saving chunks for level 'ServerLevel[New World]'/minecraft:overworld
[17Jun2026 21:18:26.665] [Server thread/INFO] [net.minecraft.server.MinecraftServer/]: Saving chunks for level 'ServerLevel[New World]'/minecraft:the_nether
[17Jun2026 21:18:26.666] [Server thread/INFO] [net.minecraft.server.MinecraftServer/]: Saving chunks for level 'ServerLevel[New World]'/minecraft:the_end
[17Jun2026 21:23:07.817] [Render thread/INFO] [EMI/]: [EMI] Disconnecting from server, EMI data cleared
[17Jun2026 21:23:07.819] [Thread-38/INFO] [EMI/]: [EMI] Clearing data
[17Jun2026 21:23:07.825] [Render thread/INFO] [mezz.jei.library.startup.JeiStarter/]: Stopping JEI
[17Jun2026 21:23:07.826] [Render thread/INFO] [mezz.jei.library.load.PluginCaller/]: Sending Runtime Unavailable...
[17Jun2026 21:23:07.827] [Render thread/INFO] [mezz.jei.neoforge.plugins.neoforge.NeoForgeGuiPlugin/]: Stopping JEI GUI
[17Jun2026 21:23:07.830] [Render thread/INFO] [mezz.jei.library.load.PluginCaller/]: Sending Runtime Unavailable took 4.255 milliseconds
[17Jun2026 21:23:07.858] [Server thread/INFO] [net.minecraft.server.network.ServerGamePacketListenerImpl/]: mexasae86 lost connection: Disconnected
[17Jun2026 21:23:07.859] [Server thread/INFO] [net.minecraft.server.MinecraftServer/]: mexasae86 left the game
[17Jun2026 21:23:07.872] [Server thread/INFO] [net.minecraft.server.network.ServerCommonPacketListenerImpl/]: Stopping singleplayer server as player logged out
[17Jun2026 21:23:07.924] [Server thread/INFO] [net.minecraft.server.MinecraftServer/]: Stopping server
[17Jun2026 21:23:07.925] [Server thread/INFO] [net.minecraft.server.MinecraftServer/]: Saving players
[17Jun2026 21:23:07.926] [Server thread/INFO] [net.minecraft.server.MinecraftServer/]: Saving worlds
[17Jun2026 21:23:08.509] [Server thread/INFO] [net.minecraft.server.MinecraftServer/]: Saving chunks for level 'ServerLevel[New World]'/minecraft:overworld
[17Jun2026 21:23:09.491] [Server thread/INFO] [net.minecraft.server.MinecraftServer/]: Saving chunks for level 'ServerLevel[New World]'/minecraft:the_nether
[17Jun2026 21:23:09.494] [Server thread/INFO] [net.minecraft.server.MinecraftServer/]: Saving chunks for level 'ServerLevel[New World]'/minecraft:the_end
[17Jun2026 21:23:09.501] [Server thread/INFO] [net.minecraft.server.MinecraftServer/]: ThreadedAnvilChunkStorage (New World): All chunks are saved
[17Jun2026 21:23:09.502] [Server thread/INFO] [net.minecraft.server.MinecraftServer/]: ThreadedAnvilChunkStorage (DIM-1): All chunks are saved
[17Jun2026 21:23:09.503] [Server thread/INFO] [net.minecraft.server.MinecraftServer/]: ThreadedAnvilChunkStorage (DIM1): All chunks are saved
[17Jun2026 21:23:09.503] [Server thread/INFO] [net.minecraft.server.MinecraftServer/]: ThreadedAnvilChunkStorage: All dimensions are saved
[17Jun2026 21:23:11.234] [Render thread/INFO] [net.minecraft.client.Minecraft/]: Stopping!
